<?xml version="1.0" encoding="UTF-8"?>
<testng-results ignored="0" total="1" passed="0" failed="1" skipped="0">
  <reporter-output>
  </reporter-output>
  <suite started-at="2024-09-24T11:54:28 AEST" name="Default suite" finished-at="2024-09-24T11:55:02 AEST" duration-ms="34714">
    <groups>
    </groups>
    <test started-at="2024-09-24T11:54:28 AEST" name="Default test" finished-at="2024-09-24T11:55:02 AEST" duration-ms="34714">
      <class name="RegressionSuite.EteAdvancemint">
        <test-method is-config="true" signature="setUp()[pri:0, instance:RegressionSuite.EteAdvancemint@cb0755b]" started-at="2024-09-24T11:54:28 AEST" name="setUp" finished-at="2024-09-24T11:54:34 AEST" duration-ms="6141" status="PASS">
          <reporter-output>
          </reporter-output>
        </test-method> <!-- setUp -->
        <test-method signature="EteAdvancemint()[pri:0, instance:RegressionSuite.EteAdvancemint@cb0755b]" started-at="2024-09-24T11:54:34 AEST" name="EteAdvancemint" finished-at="2024-09-24T11:55:02 AEST" duration-ms="28251" status="FAIL">
          <exception class="org.openqa.selenium.ElementClickInterceptedException">
            <message>
              <![CDATA[element click intercepted: Element <a _ngcontent-khk-c109="" routerlinkactive="active" routerlink="/advanced-mint" class="btn btn-link btn-sm advance-option-note" href="/advanced-mint">...</a> is not clickable at point (759, 590). Other element would receive the click: <div _ngcontent-khk-c109="" class="col-10 pl-1 pr-0">...</div>
  (Session info: chrome=129.0.6668.59)
Build info: version: '4.22.0', revision: 'c5f3146703*'
System info: os.name: 'Windows 11', os.arch: 'amd64', os.version: '10.0', java.version: '17.0.9'
Driver info: org.openqa.selenium.chrome.ChromeDriver
Command: [bbd1ca2caa66079eb8dc56756191d0b7, clickElement {id=f.452F896A76B73FDB2EEBB781A2793A2C.d.E313D2D9C30F3B20E8464A2160BB8C38.e.285}]
Capabilities {acceptInsecureCerts: false, browserName: chrome, browserVersion: 129.0.6668.59, chrome: {chromedriverVersion: 129.0.6668.58 (81a06fb873a9..., userDataDir: C:\Users\SIDDHA~1\AppData\L...}, fedcm:accounts: true, goog:chromeOptions: {debuggerAddress: localhost:59026}, networkConnectionEnabled: false, pageLoadStrategy: normal, platformName: windows, proxy: Proxy(), se:cdp: ws://localhost:59026/devtoo..., se:cdpVersion: 129.0.6668.59, setWindowRect: true, strictFileInteractability: false, timeouts: {implicit: 0, pageLoad: 300000, script: 30000}, unhandledPromptBehavior: dismiss and notify, webauthn:extension:credBlob: true, webauthn:extension:largeBlob: true, webauthn:extension:minPinLength: true, webauthn:extension:prf: true, webauthn:virtualAuthenticators: true}
Element: [[ChromeDriver: chrome on windows (bbd1ca2caa66079eb8dc56756191d0b7)] -> xpath: /html/body/app-root/main/app-bulk-mint-policies/div/p/a]
Session ID: bbd1ca2caa66079eb8dc56756191d0b7]]>
            </message>
            <full-stacktrace>
              <![CDATA[org.openqa.selenium.ElementClickInterceptedException: element click intercepted: Element <a _ngcontent-khk-c109="" routerlinkactive="active" routerlink="/advanced-mint" class="btn btn-link btn-sm advance-option-note" href="/advanced-mint">...</a> is not clickable at point (759, 590). Other element would receive the click: <div _ngcontent-khk-c109="" class="col-10 pl-1 pr-0">...</div>
  (Session info: chrome=129.0.6668.59)
Build info: version: '4.22.0', revision: 'c5f3146703*'
System info: os.name: 'Windows 11', os.arch: 'amd64', os.version: '10.0', java.version: '17.0.9'
Driver info: org.openqa.selenium.chrome.ChromeDriver
Command: [bbd1ca2caa66079eb8dc56756191d0b7, clickElement {id=f.452F896A76B73FDB2EEBB781A2793A2C.d.E313D2D9C30F3B20E8464A2160BB8C38.e.285}]
Capabilities {acceptInsecureCerts: false, browserName: chrome, browserVersion: 129.0.6668.59, chrome: {chromedriverVersion: 129.0.6668.58 (81a06fb873a9..., userDataDir: C:\Users\SIDDHA~1\AppData\L...}, fedcm:accounts: true, goog:chromeOptions: {debuggerAddress: localhost:59026}, networkConnectionEnabled: false, pageLoadStrategy: normal, platformName: windows, proxy: Proxy(), se:cdp: ws://localhost:59026/devtoo..., se:cdpVersion: 129.0.6668.59, setWindowRect: true, strictFileInteractability: false, timeouts: {implicit: 0, pageLoad: 300000, script: 30000}, unhandledPromptBehavior: dismiss and notify, webauthn:extension:credBlob: true, webauthn:extension:largeBlob: true, webauthn:extension:minPinLength: true, webauthn:extension:prf: true, webauthn:virtualAuthenticators: true}
Element: [[ChromeDriver: chrome on windows (bbd1ca2caa66079eb8dc56756191d0b7)] -> xpath: /html/body/app-root/main/app-bulk-mint-policies/div/p/a]
Session ID: bbd1ca2caa66079eb8dc56756191d0b7
at java.base/jdk.internal.reflect.NativeConstructorAccessorImpl.newInstance0(Native Method)
at java.base/jdk.internal.reflect.NativeConstructorAccessorImpl.newInstance(NativeConstructorAccessorImpl.java:77)
at java.base/jdk.internal.reflect.DelegatingConstructorAccessorImpl.newInstance(DelegatingConstructorAccessorImpl.java:45)
at java.base/java.lang.reflect.Constructor.newInstanceWithCaller(Constructor.java:499)
at java.base/java.lang.reflect.Constructor.newInstance(Constructor.java:480)
at org.openqa.selenium.remote.ErrorCodec.decode(ErrorCodec.java:167)
at org.openqa.selenium.remote.codec.w3c.W3CHttpResponseCodec.decode(W3CHttpResponseCodec.java:138)
at org.openqa.selenium.remote.codec.w3c.W3CHttpResponseCodec.decode(W3CHttpResponseCodec.java:50)
at org.openqa.selenium.remote.HttpCommandExecutor.execute(HttpCommandExecutor.java:190)
at org.openqa.selenium.remote.service.DriverCommandExecutor.invokeExecute(DriverCommandExecutor.java:216)
at org.openqa.selenium.remote.service.DriverCommandExecutor.execute(DriverCommandExecutor.java:174)
at org.openqa.selenium.remote.RemoteWebDriver.execute(RemoteWebDriver.java:518)
at org.openqa.selenium.remote.RemoteWebElement.execute(RemoteWebElement.java:223)
at org.openqa.selenium.remote.RemoteWebElement.click(RemoteWebElement.java:76)
at RegressionSuite.EteAdvancemint.EteAdvancemint(EteAdvancemint.java:72)
at java.base/jdk.internal.reflect.NativeMethodAccessorImpl.invoke0(Native Method)
at java.base/jdk.internal.reflect.NativeMethodAccessorImpl.invoke(NativeMethodAccessorImpl.java:77)
at java.base/jdk.internal.reflect.DelegatingMethodAccessorImpl.invoke(DelegatingMethodAccessorImpl.java:43)
at java.base/java.lang.reflect.Method.invoke(Method.java:568)
at org.testng.internal.invokers.MethodInvocationHelper.invokeMethod(MethodInvocationHelper.java:141)
at org.testng.internal.invokers.TestInvoker.invokeMethod(TestInvoker.java:686)
at org.testng.internal.invokers.TestInvoker.invokeTestMethod(TestInvoker.java:230)
at org.testng.internal.invokers.MethodRunner.runInSequence(MethodRunner.java:63)
at org.testng.internal.invokers.TestInvoker$MethodInvocationAgent.invoke(TestInvoker.java:992)
at org.testng.internal.invokers.TestInvoker.invokeTestMethods(TestInvoker.java:203)
at org.testng.internal.invokers.TestMethodWorker.invokeTestMethods(TestMethodWorker.java:154)
at org.testng.internal.invokers.TestMethodWorker.run(TestMethodWorker.java:134)
at java.base/java.util.ArrayList.forEach(ArrayList.java:1511)
at org.testng.TestRunner.privateRun(TestRunner.java:739)
at org.testng.TestRunner.run(TestRunner.java:614)
at org.testng.SuiteRunner.runTest(SuiteRunner.java:421)
at org.testng.SuiteRunner.runSequentially(SuiteRunner.java:413)
at org.testng.SuiteRunner.privateRun(SuiteRunner.java:373)
at org.testng.SuiteRunner.run(SuiteRunner.java:312)
at org.testng.SuiteRunnerWorker.runSuite(SuiteRunnerWorker.java:52)
at org.testng.SuiteRunnerWorker.run(SuiteRunnerWorker.java:95)
at org.testng.TestNG.runSuitesSequentially(TestNG.java:1274)
at org.testng.TestNG.runSuitesLocally(TestNG.java:1208)
at org.testng.TestNG.runSuites(TestNG.java:1112)
at org.testng.TestNG.run(TestNG.java:1079)
at org.testng.remote.AbstractRemoteTestNG.run(AbstractRemoteTestNG.java:115)
at org.testng.remote.RemoteTestNG.initAndRun(RemoteTestNG.java:293)
at org.testng.remote.RemoteTestNG.main(RemoteTestNG.java:91)
]]>
            </full-stacktrace>
          </exception> <!-- org.openqa.selenium.ElementClickInterceptedException -->
          <reporter-output>
          </reporter-output>
        </test-method> <!-- EteAdvancemint -->
        <test-method is-config="true" signature="tearDown()[pri:0, instance:RegressionSuite.EteAdvancemint@cb0755b]" started-at="2024-09-24T11:55:02 AEST" name="tearDown" finished-at="2024-09-24T11:55:02 AEST" duration-ms="259" status="PASS">
          <reporter-output>
          </reporter-output>
        </test-method> <!-- tearDown -->
      </class> <!-- RegressionSuite.EteAdvancemint -->
    </test> <!-- Default test -->
  </suite> <!-- Default suite -->
</testng-results>
